[2020-09-05 04:56:34] local.ERROR: ErrorException: Trying to get property 'dob' of non-object in /Users/abhinav/htdocs/fitsigma/dev/app/Http/Controllers/GymAdmin/AdminGymClientsController.php:203
Stack trace:
#0 /Users/abhinav/htdocs/fitsigma/dev/app/Http/Controllers/GymAdmin/AdminGymClientsController.php(203): Illuminate\Foundation\Bootstrap\HandleExceptions->handleError(8, 'Trying to get p...', '/Users/abhinav/...', 203, Array)
#1 [internal function]: App\Http\Controllers\GymAdmin\AdminGymClientsController->show('[object MediaSt...')
#2 /Users/abhinav/htdocs/fitsigma/dev/vendor/laravel/framework/src/Illuminate/Routing/Controller.php(55): call_user_func_array(Array, Array)
#3 /Users/abhinav/htdocs/fitsigma/dev/vendor/laravel/framework/src/Illuminate/Routing/ControllerDispatcher.php(44): Illuminate\Routing\Controller->callAction('show', Array)
#4 /Users/abhinav/htdocs/fitsigma/dev/vendor/laravel/framework/src/Illuminate/Routing/Route.php(203): Illuminate\Routing\ControllerDispatcher->dispatch(Object(Illuminate\Routing\Route), Object(App\Http\Controllers\GymAdmin\AdminGymClientsController), 'show')
#5 /Users/abhinav/htdocs/fitsigma/dev/vendor/laravel/framework/src/Illuminate/Routing/Route.php(160): Illuminate\Routing\Route->runController()
#6 /Users/abhinav/htdocs/fitsigma/dev/vendor/laravel/framework/src/Illuminate/Routing/Router.php(572): Illuminate\Routing\Route->run()
#7 /Users/abhinav/htdocs/fitsigma/dev/vendor/laravel/framework/src/Illuminate/Routing/Pipeline.php(30): Illuminate\Routing\Router->Illuminate\Routing\{closure}(Object(Illuminate\Http\Request))
#8 /Users/abhinav/htdocs/fitsigma/dev/app/Http/Controllers/GymAdmin/GymAdminBaseController.php(128): Illuminate\Routing\Pipeline->Illuminate\Routing\{closure}(Object(Illuminate\Http\Request))
#9 /Users/abhinav/htdocs/fitsigma/dev/vendor/laravel/framework/src/Illuminate/Pipeline/Pipeline.php(131): App\Http\Controllers\GymAdmin\GymAdminBaseController->App\Http\Controllers\GymAdmin\{closure}(Object(Illuminate\Http\Request), Object(Closure))
#10 /Users/abhinav/htdocs/fitsigma/dev/vendor/laravel/framework/src/Illuminate/Routing/Pipeline.php(53): Illuminate\Pipeline\Pipeline->Illuminate\Pipeline\{closure}(Object(Illuminate\Http\Request))
#11 /Users/abhinav/htdocs/fitsigma/dev/app/Http/Middleware/RevalidateBackHistory.php(18): Illuminate\Routing\Pipeline->Illuminate\Routing\{closure}(Object(Illuminate\Http\Request))
#12 /Users/abhinav/htdocs/fitsigma/dev/vendor/laravel/framework/src/Illuminate/Pipeline/Pipeline.php(148): App\Http\Middleware\RevalidateBackHistory->handle(Object(Illuminate\Http\Request), Object(Closure))
#13 /Users/abhinav/htdocs/fitsigma/dev/vendor/laravel/framework/src/Illuminate/Routing/Pipeline.php(53): Illuminate\Pipeline\Pipeline->Illuminate\Pipeline\{closure}(Object(Illuminate\Http\Request))
#14 /Users/abhinav/htdocs/fitsigma/dev/app/Http/Middleware/MerchantAuthMiddleware.php(53): Illuminate\Routing\Pipeline->Illuminate\Routing\{closure}(Object(Illuminate\Http\Request))
#15 /Users/abhinav/htdocs/fitsigma/dev/vendor/laravel/framework/src/Illuminate/Pipeline/Pipeline.php(148): App\Http\Middleware\MerchantAuthMiddleware->handle(Object(Illuminate\Http\Request), Object(Closure))
#16 /Users/abhinav/htdocs/fitsigma/dev/vendor/laravel/framework/src/Illuminate/Routing/Pipeline.php(53): Illuminate\Pipeline\Pipeline->Illuminate\Pipeline\{closure}(Object(Illuminate\Http\Request))
#17 /Users/abhinav/htdocs/fitsigma/dev/vendor/laravel/framework/src/Illuminate/Routing/Middleware/SubstituteBindings.php(41): Illuminate\Routing\Pipeline->Illuminate\Routing\{closure}(Object(Illuminate\Http\Request))
#18 /Users/abhinav/htdocs/fitsigma/dev/vendor/laravel/framework/src/Illuminate/Pipeline/Pipeline.php(148): Illuminate\Routing\Middleware\SubstituteBindings->handle(Object(Illuminate\Http\Request), Object(Closure))
#19 /Users/abhinav/htdocs/fitsigma/dev/vendor/laravel/framework/src/Illuminate/Routing/Pipeline.php(53): Illuminate\Pipeline\Pipeline->Illuminate\Pipeline\{closure}(Object(Illuminate\Http\Request))
#20 /Users/abhinav/htdocs/fitsigma/dev/vendor/laravel/framework/src/Illuminate/Foundation/Http/Middleware/VerifyCsrfToken.php(65): Illuminate\Routing\Pipeline->Illuminate\Routing\{closure}(Object(Illuminate\Http\Request))
#21 /Users/abhinav/htdocs/fitsigma/dev/vendor/laravel/framework/src/Illuminate/Pipeline/Pipeline.php(148): Illuminate\Foundation\Http\Middleware\VerifyCsrfToken->handle(Object(Illuminate\Http\Request), Object(Closure))
#22 /Users/abhinav/htdocs/fitsigma/dev/vendor/laravel/framework/src/Illuminate/Routing/Pipeline.php(53): Illuminate\Pipeline\Pipeline->Illuminate\Pipeline\{closure}(Object(Illuminate\Http\Request))
#23 /Users/abhinav/htdocs/fitsigma/dev/vendor/laravel/framework/src/Illuminate/View/Middleware/ShareErrorsFromSession.php(49): Illuminate\Routing\Pipeline->Illuminate\Routing\{closure}(Object(Illuminate\Http\Request))
#24 /Users/abhinav/htdocs/fitsigma/dev/vendor/laravel/framework/src/Illuminate/Pipeline/Pipeline.php(148): Illuminate\View\Middleware\ShareErrorsFromSession->handle(Object(Illuminate\Http\Request), Object(Closure))
#25 /Users/abhinav/htdocs/fitsigma/dev/vendor/laravel/framework/src/Illuminate/Routing/Pipeline.php(53): Illuminate\Pipeline\Pipeline->Illuminate\Pipeline\{closure}(Object(Illuminate\Http\Request))
#26 /Users/abhinav/htdocs/fitsigma/dev/vendor/laravel/framework/src/Illuminate/Session/Middleware/StartSession.php(64): Illuminate\Routing\Pipeline->Illuminate\Routing\{closure}(Object(Illuminate\Http\Request))
#27 /Users/abhinav/htdocs/fitsigma/dev/vendor/laravel/framework/src/Illuminate/Pipeline/Pipeline.php(148): Illuminate\Session\Middleware\StartSession->handle(Object(Illuminate\Http\Request), Object(Closure))
#28 /Users/abhinav/htdocs/fitsigma/dev/vendor/laravel/framework/src/Illuminate/Routing/Pipeline.php(53): Illuminate\Pipeline\Pipeline->Illuminate\Pipeline\{closure}(Object(Illuminate\Http\Request))
#29 /Users/abhinav/htdocs/fitsigma/dev/vendor/laravel/framework/src/Illuminate/Cookie/Middleware/AddQueuedCookiesToResponse.php(37): Illuminate\Routing\Pipeline->Illuminate\Routing\{closure}(Object(Illuminate\Http\Request))
#30 /Users/abhinav/htdocs/fitsigma/dev/vendor/laravel/framework/src/Illuminate/Pipeline/Pipeline.php(148): Illuminate\Cookie\Middleware\AddQueuedCookiesToResponse->handle(Object(Illuminate\Http\Request), Object(Closure))
#31 /Users/abhinav/htdocs/fitsigma/dev/vendor/laravel/framework/src/Illuminate/Routing/Pipeline.php(53): Illuminate\Pipeline\Pipeline->Illuminate\Pipeline\{closure}(Object(Illuminate\Http\Request))
#32 /Users/abhinav/htdocs/fitsigma/dev/vendor/laravel/framework/src/Illuminate/Cookie/Middleware/EncryptCookies.php(59): Illuminate\Routing\Pipeline->Illuminate\Routing\{closure}(Object(Illuminate\Http\Request))
#33 /Users/abhinav/htdocs/fitsigma/dev/vendor/laravel/framework/src/Illuminate/Pipeline/Pipeline.php(148): Illuminate\Cookie\Middleware\EncryptCookies->handle(Object(Illuminate\Http\Request), Object(Closure))
#34 /Users/abhinav/htdocs/fitsigma/dev/vendor/laravel/framework/src/Illuminate/Routing/Pipeline.php(53): Illuminate\Pipeline\Pipeline->Illuminate\Pipeline\{closure}(Object(Illuminate\Http\Request))
#35 /Users/abhinav/htdocs/fitsigma/dev/vendor/laravel/framework/src/Illuminate/Pipeline/Pipeline.php(102): Illuminate\Routing\Pipeline->Illuminate\Routing\{closure}(Object(Illuminate\Http\Request))
#36 /Users/abhinav/htdocs/fitsigma/dev/vendor/laravel/framework/src/Illuminate/Routing/Router.php(574): Illuminate\Pipeline\Pipeline->then(Object(Closure))
#37 /Users/abhinav/htdocs/fitsigma/dev/vendor/laravel/framework/src/Illuminate/Routing/Router.php(533): Illuminate\Routing\Router->runRouteWithinStack(Object(Illuminate\Routing\Route), Object(Illuminate\Http\Request))
#38 /Users/abhinav/htdocs/fitsigma/dev/vendor/laravel/framework/src/Illuminate/Routing/Router.php(511): Illuminate\Routing\Router->dispatchToRoute(Object(Illuminate\Http\Request))
#39 /Users/abhinav/htdocs/fitsigma/dev/vendor/laravel/framework/src/Illuminate/Foundation/Http/Kernel.php(176): Illuminate\Routing\Router->dispatch(Object(Illuminate\Http\Request))
#40 /Users/abhinav/htdocs/fitsigma/dev/vendor/laravel/framework/src/Illuminate/Routing/Pipeline.php(30): Illuminate\Foundation\Http\Kernel->Illuminate\Foundation\Http\{closure}(Object(Illuminate\Http\Request))
#41 /Users/abhinav/htdocs/fitsigma/dev/vendor/barryvdh/laravel-debugbar/src/Middleware/Debugbar.php(51): Illuminate\Routing\Pipeline->Illuminate\Routing\{closure}(Object(Illuminate\Http\Request))
#42 /Users/abhinav/htdocs/fitsigma/dev/vendor/laravel/framework/src/Illuminate/Pipeline/Pipeline.php(148): Barryvdh\Debugbar\Middleware\Debugbar->handle(Object(Illuminate\Http\Request), Object(Closure))
#43 /Users/abhinav/htdocs/fitsigma/dev/vendor/laravel/framework/src/Illuminate/Routing/Pipeline.php(53): Illuminate\Pipeline\Pipeline->Illuminate\Pipeline\{closure}(Object(Illuminate\Http\Request))
#44 /Users/abhinav/htdocs/fitsigma/dev/vendor/laravel/framework/src/Illuminate/Foundation/Http/Middleware/TransformsRequest.php(30): Illuminate\Routing\Pipeline->Illuminate\Routing\{closure}(Object(Illuminate\Http\Request))
#45 /Users/abhinav/htdocs/fitsigma/dev/vendor/laravel/framework/src/Illuminate/Pipeline/Pipeline.php(148): Illuminate\Foundation\Http\Middleware\TransformsRequest->handle(Object(Illuminate\Http\Request), Object(Closure))
#46 /Users/abhinav/htdocs/fitsigma/dev/vendor/laravel/framework/src/Illuminate/Routing/Pipeline.php(53): Illuminate\Pipeline\Pipeline->Illuminate\Pipeline\{closure}(Object(Illuminate\Http\Request))
#47 /Users/abhinav/htdocs/fitsigma/dev/vendor/laravel/framework/src/Illuminate/Foundation/Http/Middleware/TransformsRequest.php(30): Illuminate\Routing\Pipeline->Illuminate\Routing\{closure}(Object(Illuminate\Http\Request))
#48 /Users/abhinav/htdocs/fitsigma/dev/vendor/laravel/framework/src/Illuminate/Pipeline/Pipeline.php(148): Illuminate\Foundation\Http\Middleware\TransformsRequest->handle(Object(Illuminate\Http\Request), Object(Closure))
#49 /Users/abhinav/htdocs/fitsigma/dev/vendor/laravel/framework/src/Illuminate/Routing/Pipeline.php(53): Illuminate\Pipeline\Pipeline->Illuminate\Pipeline\{closure}(Object(Illuminate\Http\Request))
#50 /Users/abhinav/htdocs/fitsigma/dev/vendor/laravel/framework/src/Illuminate/Foundation/Http/Middleware/ValidatePostSize.php(27): Illuminate\Routing\Pipeline->Illuminate\Routing\{closure}(Object(Illuminate\Http\Request))
#51 /Users/abhinav/htdocs/fitsigma/dev/vendor/laravel/framework/src/Illuminate/Pipeline/Pipeline.php(148): Illuminate\Foundation\Http\Middleware\ValidatePostSize->handle(Object(Illuminate\Http\Request), Object(Closure))
#52 /Users/abhinav/htdocs/fitsigma/dev/vendor/laravel/framework/src/Illuminate/Routing/Pipeline.php(53): Illuminate\Pipeline\Pipeline->Illuminate\Pipeline\{closure}(Object(Illuminate\Http\Request))
#53 /Users/abhinav/htdocs/fitsigma/dev/vendor/laravel/framework/src/Illuminate/Foundation/Http/Middleware/CheckForMaintenanceMode.php(46): Illuminate\Routing\Pipeline->Illuminate\Routing\{closure}(Object(Illuminate\Http\Request))
#54 /Users/abhinav/htdocs/fitsigma/dev/vendor/laravel/framework/src/Illuminate/Pipeline/Pipeline.php(148): Illuminate\Foundation\Http\Middleware\CheckForMaintenanceMode->handle(Object(Illuminate\Http\Request), Object(Closure))
#55 /Users/abhinav/htdocs/fitsigma/dev/vendor/laravel/framework/src/Illuminate/Routing/Pipeline.php(53): Illuminate\Pipeline\Pipeline->Illuminate\Pipeline\{closure}(Object(Illuminate\Http\Request))
#56 /Users/abhinav/htdocs/fitsigma/dev/vendor/laravel/framework/src/Illuminate/Pipeline/Pipeline.php(102): Illuminate\Routing\Pipeline->Illuminate\Routing\{closure}(Object(Illuminate\Http\Request))
#57 /Users/abhinav/htdocs/fitsigma/dev/vendor/laravel/framework/src/Illuminate/Foundation/Http/Kernel.php(151): Illuminate\Pipeline\Pipeline->then(Object(Closure))
#58 /Users/abhinav/htdocs/fitsigma/dev/vendor/laravel/framework/src/Illuminate/Foundation/Http/Kernel.php(116): Illuminate\Foundation\Http\Kernel->sendRequestThroughRouter(Object(Illuminate\Http\Request))
#59 /Users/abhinav/htdocs/fitsigma/dev/public/index.php(53): Illuminate\Foundation\Http\Kernel->handle(Object(Illuminate\Http\Request))
#60 /Users/abhinav/.composer/vendor/laravel/valet/server.php(191): require('/Users/abhinav/...')
#61 {main}  
[2020-09-05 04:57:30] local.ERROR: ErrorException: Trying to get property 'dob' of non-object in /Users/abhinav/htdocs/fitsigma/dev/app/Http/Controllers/GymAdmin/AdminGymClientsController.php:203
Stack trace:
#0 /Users/abhinav/htdocs/fitsigma/dev/app/Http/Controllers/GymAdmin/AdminGymClientsController.php(203): Illuminate\Foundation\Bootstrap\HandleExceptions->handleError(8, 'Trying to get p...', '/Users/abhinav/...', 203, Array)
#1 [internal function]: App\Http\Controllers\GymAdmin\AdminGymClientsController->show('[object MediaSt...')
#2 /Users/abhinav/htdocs/fitsigma/dev/vendor/laravel/framework/src/Illuminate/Routing/Controller.php(55): call_user_func_array(Array, Array)
#3 /Users/abhinav/htdocs/fitsigma/dev/vendor/laravel/framework/src/Illuminate/Routing/ControllerDispatcher.php(44): Illuminate\Routing\Controller->callAction('show', Array)
#4 /Users/abhinav/htdocs/fitsigma/dev/vendor/laravel/framework/src/Illuminate/Routing/Route.php(203): Illuminate\Routing\ControllerDispatcher->dispatch(Object(Illuminate\Routing\Route), Object(App\Http\Controllers\GymAdmin\AdminGymClientsController), 'show')
#5 /Users/abhinav/htdocs/fitsigma/dev/vendor/laravel/framework/src/Illuminate/Routing/Route.php(160): Illuminate\Routing\Route->runController()
#6 /Users/abhinav/htdocs/fitsigma/dev/vendor/laravel/framework/src/Illuminate/Routing/Router.php(572): Illuminate\Routing\Route->run()
#7 /Users/abhinav/htdocs/fitsigma/dev/vendor/laravel/framework/src/Illuminate/Routing/Pipeline.php(30): Illuminate\Routing\Router->Illuminate\Routing\{closure}(Object(Illuminate\Http\Request))
#8 /Users/abhinav/htdocs/fitsigma/dev/app/Http/Controllers/GymAdmin/GymAdminBaseController.php(128): Illuminate\Routing\Pipeline->Illuminate\Routing\{closure}(Object(Illuminate\Http\Request))
#9 /Users/abhinav/htdocs/fitsigma/dev/vendor/laravel/framework/src/Illuminate/Pipeline/Pipeline.php(131): App\Http\Controllers\GymAdmin\GymAdminBaseController->App\Http\Controllers\GymAdmin\{closure}(Object(Illuminate\Http\Request), Object(Closure))
#10 /Users/abhinav/htdocs/fitsigma/dev/vendor/laravel/framework/src/Illuminate/Routing/Pipeline.php(53): Illuminate\Pipeline\Pipeline->Illuminate\Pipeline\{closure}(Object(Illuminate\Http\Request))
#11 /Users/abhinav/htdocs/fitsigma/dev/app/Http/Middleware/RevalidateBackHistory.php(18): Illuminate\Routing\Pipeline->Illuminate\Routing\{closure}(Object(Illuminate\Http\Request))
#12 /Users/abhinav/htdocs/fitsigma/dev/vendor/laravel/framework/src/Illuminate/Pipeline/Pipeline.php(148): App\Http\Middleware\RevalidateBackHistory->handle(Object(Illuminate\Http\Request), Object(Closure))
#13 /Users/abhinav/htdocs/fitsigma/dev/vendor/laravel/framework/src/Illuminate/Routing/Pipeline.php(53): Illuminate\Pipeline\Pipeline->Illuminate\Pipeline\{closure}(Object(Illuminate\Http\Request))
#14 /Users/abhinav/htdocs/fitsigma/dev/app/Http/Middleware/MerchantAuthMiddleware.php(53): Illuminate\Routing\Pipeline->Illuminate\Routing\{closure}(Object(Illuminate\Http\Request))
#15 /Users/abhinav/htdocs/fitsigma/dev/vendor/laravel/framework/src/Illuminate/Pipeline/Pipeline.php(148): App\Http\Middleware\MerchantAuthMiddleware->handle(Object(Illuminate\Http\Request), Object(Closure))
#16 /Users/abhinav/htdocs/fitsigma/dev/vendor/laravel/framework/src/Illuminate/Routing/Pipeline.php(53): Illuminate\Pipeline\Pipeline->Illuminate\Pipeline\{closure}(Object(Illuminate\Http\Request))
#17 /Users/abhinav/htdocs/fitsigma/dev/vendor/laravel/framework/src/Illuminate/Routing/Middleware/SubstituteBindings.php(41): Illuminate\Routing\Pipeline->Illuminate\Routing\{closure}(Object(Illuminate\Http\Request))
#18 /Users/abhinav/htdocs/fitsigma/dev/vendor/laravel/framework/src/Illuminate/Pipeline/Pipeline.php(148): Illuminate\Routing\Middleware\SubstituteBindings->handle(Object(Illuminate\Http\Request), Object(Closure))
#19 /Users/abhinav/htdocs/fitsigma/dev/vendor/laravel/framework/src/Illuminate/Routing/Pipeline.php(53): Illuminate\Pipeline\Pipeline->Illuminate\Pipeline\{closure}(Object(Illuminate\Http\Request))
#20 /Users/abhinav/htdocs/fitsigma/dev/vendor/laravel/framework/src/Illuminate/Foundation/Http/Middleware/VerifyCsrfToken.php(65): Illuminate\Routing\Pipeline->Illuminate\Routing\{closure}(Object(Illuminate\Http\Request))
#21 /Users/abhinav/htdocs/fitsigma/dev/vendor/laravel/framework/src/Illuminate/Pipeline/Pipeline.php(148): Illuminate\Foundation\Http\Middleware\VerifyCsrfToken->handle(Object(Illuminate\Http\Request), Object(Closure))
#22 /Users/abhinav/htdocs/fitsigma/dev/vendor/laravel/framework/src/Illuminate/Routing/Pipeline.php(53): Illuminate\Pipeline\Pipeline->Illuminate\Pipeline\{closure}(Object(Illuminate\Http\Request))
#23 /Users/abhinav/htdocs/fitsigma/dev/vendor/laravel/framework/src/Illuminate/View/Middleware/ShareErrorsFromSession.php(49): Illuminate\Routing\Pipeline->Illuminate\Routing\{closure}(Object(Illuminate\Http\Request))
#24 /Users/abhinav/htdocs/fitsigma/dev/vendor/laravel/framework/src/Illuminate/Pipeline/Pipeline.php(148): Illuminate\View\Middleware\ShareErrorsFromSession->handle(Object(Illuminate\Http\Request), Object(Closure))
#25 /Users/abhinav/htdocs/fitsigma/dev/vendor/laravel/framework/src/Illuminate/Routing/Pipeline.php(53): Illuminate\Pipeline\Pipeline->Illuminate\Pipeline\{closure}(Object(Illuminate\Http\Request))
#26 /Users/abhinav/htdocs/fitsigma/dev/vendor/laravel/framework/src/Illuminate/Session/Middleware/StartSession.php(64): Illuminate\Routing\Pipeline->Illuminate\Routing\{closure}(Object(Illuminate\Http\Request))
#27 /Users/abhinav/htdocs/fitsigma/dev/vendor/laravel/framework/src/Illuminate/Pipeline/Pipeline.php(148): Illuminate\Session\Middleware\StartSession->handle(Object(Illuminate\Http\Request), Object(Closure))
#28 /Users/abhinav/htdocs/fitsigma/dev/vendor/laravel/framework/src/Illuminate/Routing/Pipeline.php(53): Illuminate\Pipeline\Pipeline->Illuminate\Pipeline\{closure}(Object(Illuminate\Http\Request))
#29 /Users/abhinav/htdocs/fitsigma/dev/vendor/laravel/framework/src/Illuminate/Cookie/Middleware/AddQueuedCookiesToResponse.php(37): Illuminate\Routing\Pipeline->Illuminate\Routing\{closure}(Object(Illuminate\Http\Request))
#30 /Users/abhinav/htdocs/fitsigma/dev/vendor/laravel/framework/src/Illuminate/Pipeline/Pipeline.php(148): Illuminate\Cookie\Middleware\AddQueuedCookiesToResponse->handle(Object(Illuminate\Http\Request), Object(Closure))
#31 /Users/abhinav/htdocs/fitsigma/dev/vendor/laravel/framework/src/Illuminate/Routing/Pipeline.php(53): Illuminate\Pipeline\Pipeline->Illuminate\Pipeline\{closure}(Object(Illuminate\Http\Request))
#32 /Users/abhinav/htdocs/fitsigma/dev/vendor/laravel/framework/src/Illuminate/Cookie/Middleware/EncryptCookies.php(59): Illuminate\Routing\Pipeline->Illuminate\Routing\{closure}(Object(Illuminate\Http\Request))
#33 /Users/abhinav/htdocs/fitsigma/dev/vendor/laravel/framework/src/Illuminate/Pipeline/Pipeline.php(148): Illuminate\Cookie\Middleware\EncryptCookies->handle(Object(Illuminate\Http\Request), Object(Closure))
#34 /Users/abhinav/htdocs/fitsigma/dev/vendor/laravel/framework/src/Illuminate/Routing/Pipeline.php(53): Illuminate\Pipeline\Pipeline->Illuminate\Pipeline\{closure}(Object(Illuminate\Http\Request))
#35 /Users/abhinav/htdocs/fitsigma/dev/vendor/laravel/framework/src/Illuminate/Pipeline/Pipeline.php(102): Illuminate\Routing\Pipeline->Illuminate\Routing\{closure}(Object(Illuminate\Http\Request))
#36 /Users/abhinav/htdocs/fitsigma/dev/vendor/laravel/framework/src/Illuminate/Routing/Router.php(574): Illuminate\Pipeline\Pipeline->then(Object(Closure))
#37 /Users/abhinav/htdocs/fitsigma/dev/vendor/laravel/framework/src/Illuminate/Routing/Router.php(533): Illuminate\Routing\Router->runRouteWithinStack(Object(Illuminate\Routing\Route), Object(Illuminate\Http\Request))
#38 /Users/abhinav/htdocs/fitsigma/dev/vendor/laravel/framework/src/Illuminate/Routing/Router.php(511): Illuminate\Routing\Router->dispatchToRoute(Object(Illuminate\Http\Request))
#39 /Users/abhinav/htdocs/fitsigma/dev/vendor/laravel/framework/src/Illuminate/Foundation/Http/Kernel.php(176): Illuminate\Routing\Router->dispatch(Object(Illuminate\Http\Request))
#40 /Users/abhinav/htdocs/fitsigma/dev/vendor/laravel/framework/src/Illuminate/Routing/Pipeline.php(30): Illuminate\Foundation\Http\Kernel->Illuminate\Foundation\Http\{closure}(Object(Illuminate\Http\Request))
#41 /Users/abhinav/htdocs/fitsigma/dev/vendor/barryvdh/laravel-debugbar/src/Middleware/Debugbar.php(51): Illuminate\Routing\Pipeline->Illuminate\Routing\{closure}(Object(Illuminate\Http\Request))
#42 /Users/abhinav/htdocs/fitsigma/dev/vendor/laravel/framework/src/Illuminate/Pipeline/Pipeline.php(148): Barryvdh\Debugbar\Middleware\Debugbar->handle(Object(Illuminate\Http\Request), Object(Closure))
#43 /Users/abhinav/htdocs/fitsigma/dev/vendor/laravel/framework/src/Illuminate/Routing/Pipeline.php(53): Illuminate\Pipeline\Pipeline->Illuminate\Pipeline\{closure}(Object(Illuminate\Http\Request))
#44 /Users/abhinav/htdocs/fitsigma/dev/vendor/laravel/framework/src/Illuminate/Foundation/Http/Middleware/TransformsRequest.php(30): Illuminate\Routing\Pipeline->Illuminate\Routing\{closure}(Object(Illuminate\Http\Request))
#45 /Users/abhinav/htdocs/fitsigma/dev/vendor/laravel/framework/src/Illuminate/Pipeline/Pipeline.php(148): Illuminate\Foundation\Http\Middleware\TransformsRequest->handle(Object(Illuminate\Http\Request), Object(Closure))
#46 /Users/abhinav/htdocs/fitsigma/dev/vendor/laravel/framework/src/Illuminate/Routing/Pipeline.php(53): Illuminate\Pipeline\Pipeline->Illuminate\Pipeline\{closure}(Object(Illuminate\Http\Request))
#47 /Users/abhinav/htdocs/fitsigma/dev/vendor/laravel/framework/src/Illuminate/Foundation/Http/Middleware/TransformsRequest.php(30): Illuminate\Routing\Pipeline->Illuminate\Routing\{closure}(Object(Illuminate\Http\Request))
#48 /Users/abhinav/htdocs/fitsigma/dev/vendor/laravel/framework/src/Illuminate/Pipeline/Pipeline.php(148): Illuminate\Foundation\Http\Middleware\TransformsRequest->handle(Object(Illuminate\Http\Request), Object(Closure))
#49 /Users/abhinav/htdocs/fitsigma/dev/vendor/laravel/framework/src/Illuminate/Routing/Pipeline.php(53): Illuminate\Pipeline\Pipeline->Illuminate\Pipeline\{closure}(Object(Illuminate\Http\Request))
#50 /Users/abhinav/htdocs/fitsigma/dev/vendor/laravel/framework/src/Illuminate/Foundation/Http/Middleware/ValidatePostSize.php(27): Illuminate\Routing\Pipeline->Illuminate\Routing\{closure}(Object(Illuminate\Http\Request))
#51 /Users/abhinav/htdocs/fitsigma/dev/vendor/laravel/framework/src/Illuminate/Pipeline/Pipeline.php(148): Illuminate\Foundation\Http\Middleware\ValidatePostSize->handle(Object(Illuminate\Http\Request), Object(Closure))
#52 /Users/abhinav/htdocs/fitsigma/dev/vendor/laravel/framework/src/Illuminate/Routing/Pipeline.php(53): Illuminate\Pipeline\Pipeline->Illuminate\Pipeline\{closure}(Object(Illuminate\Http\Request))
#53 /Users/abhinav/htdocs/fitsigma/dev/vendor/laravel/framework/src/Illuminate/Foundation/Http/Middleware/CheckForMaintenanceMode.php(46): Illuminate\Routing\Pipeline->Illuminate\Routing\{closure}(Object(Illuminate\Http\Request))
#54 /Users/abhinav/htdocs/fitsigma/dev/vendor/laravel/framework/src/Illuminate/Pipeline/Pipeline.php(148): Illuminate\Foundation\Http\Middleware\CheckForMaintenanceMode->handle(Object(Illuminate\Http\Request), Object(Closure))
#55 /Users/abhinav/htdocs/fitsigma/dev/vendor/laravel/framework/src/Illuminate/Routing/Pipeline.php(53): Illuminate\Pipeline\Pipeline->Illuminate\Pipeline\{closure}(Object(Illuminate\Http\Request))
#56 /Users/abhinav/htdocs/fitsigma/dev/vendor/laravel/framework/src/Illuminate/Pipeline/Pipeline.php(102): Illuminate\Routing\Pipeline->Illuminate\Routing\{closure}(Object(Illuminate\Http\Request))
#57 /Users/abhinav/htdocs/fitsigma/dev/vendor/laravel/framework/src/Illuminate/Foundation/Http/Kernel.php(151): Illuminate\Pipeline\Pipeline->then(Object(Closure))
#58 /Users/abhinav/htdocs/fitsigma/dev/vendor/laravel/framework/src/Illuminate/Foundation/Http/Kernel.php(116): Illuminate\Foundation\Http\Kernel->sendRequestThroughRouter(Object(Illuminate\Http\Request))
#59 /Users/abhinav/htdocs/fitsigma/dev/public/index.php(53): Illuminate\Foundation\Http\Kernel->handle(Object(Illuminate\Http\Request))
#60 /Users/abhinav/.composer/vendor/laravel/valet/server.php(191): require('/Users/abhinav/...')
#61 {main}  
[2020-09-05 05:09:14] local.ERROR: Symfony\Component\Debug\Exception\FatalThrowableError: Class 'Sentry\SentryLaravel\SentryLaravelServiceProvider' not found in /Users/abhinav/htdocs/fitsigma/dev/vendor/laravel/framework/src/Illuminate/Foundation/ProviderRepository.php:208
Stack trace:
#0 /Users/abhinav/htdocs/fitsigma/dev/vendor/laravel/framework/src/Illuminate/Foundation/ProviderRepository.php(144): Illuminate\Foundation\ProviderRepository->createProvider('Sentry\\SentryLa...')
#1 /Users/abhinav/htdocs/fitsigma/dev/vendor/laravel/framework/src/Illuminate/Foundation/ProviderRepository.php(61): Illuminate\Foundation\ProviderRepository->compileManifest(Array)
#2 /Users/abhinav/htdocs/fitsigma/dev/vendor/laravel/framework/src/Illuminate/Foundation/Application.php(549): Illuminate\Foundation\ProviderRepository->load(Array)
#3 /Users/abhinav/htdocs/fitsigma/dev/vendor/laravel/framework/src/Illuminate/Foundation/Bootstrap/RegisterProviders.php(17): Illuminate\Foundation\Application->registerConfiguredProviders()
#4 /Users/abhinav/htdocs/fitsigma/dev/vendor/laravel/framework/src/Illuminate/Foundation/Application.php(208): Illuminate\Foundation\Bootstrap\RegisterProviders->bootstrap(Object(Illuminate\Foundation\Application))
#5 /Users/abhinav/htdocs/fitsigma/dev/vendor/laravel/framework/src/Illuminate/Foundation/Http/Kernel.php(162): Illuminate\Foundation\Application->bootstrapWith(Array)
#6 /Users/abhinav/htdocs/fitsigma/dev/vendor/laravel/framework/src/Illuminate/Foundation/Http/Kernel.php(146): Illuminate\Foundation\Http\Kernel->bootstrap()
#7 /Users/abhinav/htdocs/fitsigma/dev/vendor/laravel/framework/src/Illuminate/Foundation/Http/Kernel.php(116): Illuminate\Foundation\Http\Kernel->sendRequestThroughRouter(Object(Illuminate\Http\Request))
#8 /Users/abhinav/htdocs/fitsigma/dev/public/index.php(53): Illuminate\Foundation\Http\Kernel->handle(Object(Illuminate\Http\Request))
#9 /Users/abhinav/.composer/vendor/laravel/valet/server.php(191): require('/Users/abhinav/...')
#10 {main}  
[2020-09-05 05:09:20] local.ERROR: Symfony\Component\Debug\Exception\FatalThrowableError: Class 'Sentry\SentryLaravel\SentryLaravelServiceProvider' not found in /Users/abhinav/htdocs/fitsigma/dev/vendor/laravel/framework/src/Illuminate/Foundation/ProviderRepository.php:208
Stack trace:
#0 /Users/abhinav/htdocs/fitsigma/dev/vendor/laravel/framework/src/Illuminate/Foundation/ProviderRepository.php(144): Illuminate\Foundation\ProviderRepository->createProvider('Sentry\\SentryLa...')
#1 /Users/abhinav/htdocs/fitsigma/dev/vendor/laravel/framework/src/Illuminate/Foundation/ProviderRepository.php(61): Illuminate\Foundation\ProviderRepository->compileManifest(Array)
#2 /Users/abhinav/htdocs/fitsigma/dev/vendor/laravel/framework/src/Illuminate/Foundation/Application.php(549): Illuminate\Foundation\ProviderRepository->load(Array)
#3 /Users/abhinav/htdocs/fitsigma/dev/vendor/laravel/framework/src/Illuminate/Foundation/Bootstrap/RegisterProviders.php(17): Illuminate\Foundation\Application->registerConfiguredProviders()
#4 /Users/abhinav/htdocs/fitsigma/dev/vendor/laravel/framework/src/Illuminate/Foundation/Application.php(208): Illuminate\Foundation\Bootstrap\RegisterProviders->bootstrap(Object(Illuminate\Foundation\Application))
#5 /Users/abhinav/htdocs/fitsigma/dev/vendor/laravel/framework/src/Illuminate/Foundation/Http/Kernel.php(162): Illuminate\Foundation\Application->bootstrapWith(Array)
#6 /Users/abhinav/htdocs/fitsigma/dev/vendor/laravel/framework/src/Illuminate/Foundation/Http/Kernel.php(146): Illuminate\Foundation\Http\Kernel->bootstrap()
#7 /Users/abhinav/htdocs/fitsigma/dev/vendor/laravel/framework/src/Illuminate/Foundation/Http/Kernel.php(116): Illuminate\Foundation\Http\Kernel->sendRequestThroughRouter(Object(Illuminate\Http\Request))
#8 /Users/abhinav/htdocs/fitsigma/dev/public/index.php(53): Illuminate\Foundation\Http\Kernel->handle(Object(Illuminate\Http\Request))
#9 /Users/abhinav/.composer/vendor/laravel/valet/server.php(191): require('/Users/abhinav/...')
#10 {main}  
